# JRE version: OpenJDK Runtime Environment (17.0.11) (build 17.0.11+0--11852314)
# Java VM: OpenJDK 64-Bit Server VM (17.0.11+0--11852314, mixed mode, tiered, compressed oops, compressed class ptrs, g1 gc, windows-amd64)
GC Precious Log:
 CPUs: 16 total, 16 available
 Memory: 7549M
 Large Page Support: Disabled
 NUMA Support: Disabled
 Compressed Oops: Enabled (Zero based)
 Heap Region Size: 2M
 Heap Min Capacity: 8M
 Heap Initial Capacity: 118M
 Heap Max Capacity: 4G
 Pre-touch: Disabled
 Parallel Workers: 13
 Concurrent Workers: 3
 Concurrent Refinement Workers: 13
 Periodic GC: Disabled
Heap:
 garbage-first heap   total 81920K, used 45904K [0x0000000700000000, 0x0000000800000000)
  region size 2048K, 3 young (6144K), 2 survivors (4096K)
 Metaspace       used 41022K, committed 41408K, reserved 1114112K
  class space    used 5712K, committed 5888K, reserved 1048576K
GC Heap History (20 events):
Event: 0.723 GC heap before
{Heap before GC invocations=0 (full 0):
 garbage-first heap   total 120832K, used 22528K [0x0000000700000000, 0x0000000800000000)
  region size 2048K, 11 young (22528K), 0 survivors (0K)
 Metaspace       used 7775K, committed 7936K, reserved 1114112K
  class space    used 672K, committed 768K, reserved 1048576K
}
Event: 0.728 GC heap after
{Heap after GC invocations=1 (full 0):
 garbage-first heap   total 120832K, used 4564K [0x0000000700000000, 0x0000000800000000)
  region size 2048K, 2 young (4096K), 2 survivors (4096K)
 Metaspace       used 7775K, committed 7936K, reserved 1114112K
  class space    used 672K, committed 768K, reserved 1048576K
}
Event: 1.501 GC heap before
{Heap before GC invocations=1 (full 0):
 garbage-first heap   total 120832K, used 45524K [0x0000000700000000, 0x0000000800000000)
  region size 2048K, 20 young (40960K), 2 survivors (4096K)
 Metaspace       used 11838K, committed 12032K, reserved 1114112K
  class space    used 1243K, committed 1344K, reserved 1048576K
}
Event: 1.509 GC heap after
{Heap after GC invocations=2 (full 0):
 garbage-first heap   total 120832K, used 11897K [0x0000000700000000, 0x0000000800000000)
  region size 2048K, 2 young (4096K), 2 survivors (4096K)
 Metaspace       used 11838K, committed 12032K, reserved 1114112K
  class space    used 1243K, committed 1344K, reserved 1048576K
}
Event: 2.348 GC heap before
{Heap before GC invocations=2 (full 0):
 garbage-first heap   total 120832K, used 59001K [0x0000000700000000, 0x0000000800000000)
  region size 2048K, 25 young (51200K), 2 survivors (4096K)
 Metaspace       used 15380K, committed 15616K, reserved 1114112K
  class space    used 1709K, committed 1792K, reserved 1048576K
}
Event: 2.354 GC heap after
{Heap after GC invocations=3 (full 0):
 garbage-first heap   total 120832K, used 17992K [0x0000000700000000, 0x0000000800000000)
  region size 2048K, 4 young (8192K), 4 survivors (8192K)
 Metaspace       used 15380K, committed 15616K, reserved 1114112K
  class space    used 1709K, committed 1792K, reserved 1048576K
}
Event: 3.227 GC heap before
{Heap before GC invocations=3 (full 0):
 garbage-first heap   total 120832K, used 38472K [0x0000000700000000, 0x0000000800000000)
  region size 2048K, 15 young (30720K), 4 survivors (8192K)
 Metaspace       used 21368K, committed 21504K, reserved 1114112K
  class space    used 2485K, committed 2560K, reserved 1048576K
}
Event: 3.234 GC heap after
{Heap after GC invocations=4 (full 0):
 garbage-first heap   total 120832K, used 20510K [0x0000000700000000, 0x0000000800000000)
  region size 2048K, 2 young (4096K), 2 survivors (4096K)
 Metaspace       used 21368K, committed 21504K, reserved 1114112K
  class space    used 2485K, committed 2560K, reserved 1048576K
}
Event: 5.277 GC heap before
{Heap before GC invocations=5 (full 0):
 garbage-first heap   total 81920K, used 63518K [0x0000000700000000, 0x0000000800000000)
  region size 2048K, 24 young (49152K), 2 survivors (4096K)
 Metaspace       used 28030K, committed 28288K, reserved 1114112K
  class space    used 3596K, committed 3712K, reserved 1048576K
}
Event: 5.280 GC heap after
{Heap after GC invocations=6 (full 0):
 garbage-first heap   total 81920K, used 22395K [0x0000000700000000, 0x0000000800000000)
  region size 2048K, 3 young (6144K), 3 survivors (6144K)
 Metaspace       used 28030K, committed 28288K, reserved 1114112K
  class space    used 3596K, committed 3712K, reserved 1048576K
}
Event: 5.312 GC heap before
{Heap before GC invocations=6 (full 0):
 garbage-first heap   total 81920K, used 24443K [0x0000000700000000, 0x0000000800000000)
  region size 2048K, 4 young (8192K), 3 survivors (6144K)
 Metaspace       used 28243K, committed 28544K, reserved 1114112K
  class space    used 3637K, committed 3776K, reserved 1048576K
}
Event: 5.316 GC heap after
{Heap after GC invocations=7 (full 0):
 garbage-first heap   total 81920K, used 22689K [0x0000000700000000, 0x0000000800000000)
  region size 2048K, 1 young (2048K), 1 survivors (2048K)
 Metaspace       used 28243K, committed 28544K, reserved 1114112K
  class space    used 3637K, committed 3776K, reserved 1048576K
}
Event: 5.759 GC heap before
{Heap before GC invocations=7 (full 0):
 garbage-first heap   total 81920K, used 55457K [0x0000000700000000, 0x0000000800000000)
  region size 2048K, 18 young (36864K), 1 survivors (2048K)
 Metaspace       used 32637K, committed 32896K, reserved 1114112K
  class space    used 4379K, committed 4480K, reserved 1048576K
}
Event: 5.761 GC heap after
{Heap after GC invocations=8 (full 0):
 garbage-first heap   total 81920K, used 24252K [0x0000000700000000, 0x0000000800000000)
  region size 2048K, 2 young (4096K), 2 survivors (4096K)
 Metaspace       used 32637K, committed 32896K, reserved 1114112K
  class space    used 4379K, committed 4480K, reserved 1048576K
}
Event: 6.236 GC heap before
{Heap before GC invocations=8 (full 0):
 garbage-first heap   total 81920K, used 67260K [0x0000000700000000, 0x0000000800000000)
  region size 2048K, 18 young (36864K), 2 survivors (4096K)
 Metaspace       used 35795K, committed 36160K, reserved 1114112K
  class space    used 4858K, committed 5056K, reserved 1048576K
}
Event: 6.241 GC heap after
{Heap after GC invocations=9 (full 0):
 garbage-first heap   total 81920K, used 44115K [0x0000000700000000, 0x0000000800000000)
  region size 2048K, 3 young (6144K), 3 survivors (6144K)
 Metaspace       used 35795K, committed 36160K, reserved 1114112K
  class space    used 4858K, committed 5056K, reserved 1048576K
}
Event: 6.861 GC heap before
{Heap before GC invocations=10 (full 0):
 garbage-first heap   total 81920K, used 64595K [0x0000000700000000, 0x0000000800000000)
  region size 2048K, 13 young (26624K), 3 survivors (6144K)
 Metaspace       used 38032K, committed 38400K, reserved 1114112K
  class space    used 5239K, committed 5440K, reserved 1048576K
}
Event: 6.865 GC heap after
{Heap after GC invocations=11 (full 0):
 garbage-first heap   total 81920K, used 44787K [0x0000000700000000, 0x0000000800000000)
  region size 2048K, 1 young (2048K), 1 survivors (2048K)
 Metaspace       used 38032K, committed 38400K, reserved 1114112K
  class space    used 5239K, committed 5440K, reserved 1048576K
}
Event: 7.630 GC heap before
{Heap before GC invocations=11 (full 0):
 garbage-first heap   total 81920K, used 65267K [0x0000000700000000, 0x0000000800000000)
  region size 2048K, 11 young (22528K), 1 survivors (2048K)
 Metaspace       used 40959K, committed 41344K, reserved 1114112K
  class space    used 5707K, committed 5888K, reserved 1048576K
}
Event: 7.632 GC heap after
{Heap after GC invocations=12 (full 0):
 garbage-first heap   total 81920K, used 45904K [0x0000000700000000, 0x0000000800000000)
  region size 2048K, 2 young (4096K), 2 survivors (4096K)
 Metaspace       used 40959K, committed 41344K, reserved 1114112K
  class space    used 5707K, committed 5888K, reserved 1048576K
}

